# JRE version: Java(TM) SE Runtime Environment (8.0_101-b13) (build 1.8.0_101-b13)
# Java VM: Java HotSpot(TM) 64-Bit Server VM (25.101-b13 mixed mode windows-amd64 compressed oops)
Heap:
 PSYoungGen      total 13824K, used 1700K [0x000000078bb80000, 0x000000078cb80000, 0x00000007c0000000)
  eden space 11776K, 8% used [0x000000078bb80000,0x000000078bc6e118,0x000000078c700000)
  from space 2048K, 36% used [0x000000078c700000,0x000000078c7bb098,0x000000078c900000)
  to   space 1536K, 0% used [0x000000078c900000,0x000000078c900000,0x000000078ca80000)
 ParOldGen       total 5632K, used 2181K [0x0000000723200000, 0x0000000723780000, 0x000000078bb80000)
  object space 5632K, 38% used [0x0000000723200000,0x0000000723421490,0x0000000723780000)
 Metaspace       used 7064K, capacity 7892K, committed 8192K, reserved 1056768K
  class space    used 874K, capacity 912K, committed 1024K, reserved 1048576K
GC Heap History (10 events):
Event: 0.635 GC heap before
{Heap before GC invocations=3 (full 0):
 PSYoungGen      total 3584K, used 3576K [0x000000078bb80000, 0x000000078bf80000, 0x00000007c0000000)
  eden space 3072K, 100% used [0x000000078bb80000,0x000000078be80000,0x000000078be80000)
  from space 512K, 98% used [0x000000078bf00000,0x000000078bf7e030,0x000000078bf80000)
  to   space 512K, 0% used [0x000000078be80000,0x000000078be80000,0x000000078bf00000)
 ParOldGen       total 5632K, used 312K [0x0000000723200000, 0x0000000723780000, 0x000000078bb80000)
  object space 5632K, 5% used [0x0000000723200000,0x000000072324e3f8,0x0000000723780000)
 Metaspace       used 5027K, capacity 6124K, committed 6272K, reserved 1056768K
  class space    used 597K, capacity 616K, committed 640K, reserved 1048576K
Event: 0.656 GC heap after
Heap after GC invocations=3 (full 0):
 PSYoungGen      total 3584K, used 504K [0x000000078bb80000, 0x000000078c280000, 0x00000007c0000000)
  eden space 3072K, 0% used [0x000000078bb80000,0x000000078bb80000,0x000000078be80000)
  from space 512K, 98% used [0x000000078be80000,0x000000078befe030,0x000000078bf00000)
  to   space 512K, 0% used [0x000000078c200000,0x000000078c200000,0x000000078c280000)
 ParOldGen       total 5632K, used 824K [0x0000000723200000, 0x0000000723780000, 0x000000078bb80000)
  object space 5632K, 14% used [0x0000000723200000,0x00000007232ce288,0x0000000723780000)
 Metaspace       used 5027K, capacity 6124K, committed 6272K, reserved 1056768K
  class space    used 597K, capacity 616K, committed 640K, reserved 1048576K
}
Event: 0.750 GC heap before
{Heap before GC invocations=4 (full 0):
 PSYoungGen      total 3584K, used 3576K [0x000000078bb80000, 0x000000078c280000, 0x00000007c0000000)
  eden space 3072K, 100% used [0x000000078bb80000,0x000000078be80000,0x000000078be80000)
  from space 512K, 98% used [0x000000078be80000,0x000000078befe030,0x000000078bf00000)
  to   space 512K, 0% used [0x000000078c200000,0x000000078c200000,0x000000078c280000)
 ParOldGen       total 5632K, used 824K [0x0000000723200000, 0x0000000723780000, 0x000000078bb80000)
  object space 5632K, 14% used [0x0000000723200000,0x00000007232ce288,0x0000000723780000)
 Metaspace       used 6098K, capacity 7186K, committed 7552K, reserved 1056768K
  class space    used 765K, capacity 782K, committed 896K, reserved 1048576K
Event: 0.768 GC heap after
Heap after GC invocations=4 (full 0):
 PSYoungGen      total 6656K, used 504K [0x000000078bb80000, 0x000000078c280000, 0x00000007c0000000)
  eden space 6144K, 0% used [0x000000078bb80000,0x000000078bb80000,0x000000078c180000)
  from space 512K, 98% used [0x000000078c200000,0x000000078c27e010,0x000000078c280000)
  to   space 512K, 0% used [0x000000078c180000,0x000000078c180000,0x000000078c200000)
 ParOldGen       total 5632K, used 960K [0x0000000723200000, 0x0000000723780000, 0x000000078bb80000)
  object space 5632K, 17% used [0x0000000723200000,0x00000007232f02a8,0x0000000723780000)
 Metaspace       used 6098K, capacity 7186K, committed 7552K, reserved 1056768K
  class space    used 765K, capacity 782K, committed 896K, reserved 1048576K
}
Event: 3.390 GC heap before
{Heap before GC invocations=5 (full 0):
 PSYoungGen      total 6656K, used 6648K [0x000000078bb80000, 0x000000078c280000, 0x00000007c0000000)
  eden space 6144K, 100% used [0x000000078bb80000,0x000000078c180000,0x000000078c180000)
  from space 512K, 98% used [0x000000078c200000,0x000000078c27e010,0x000000078c280000)
  to   space 512K, 0% used [0x000000078c180000,0x000000078c180000,0x000000078c200000)
 ParOldGen       total 5632K, used 960K [0x0000000723200000, 0x0000000723780000, 0x000000078bb80000)
  object space 5632K, 17% used [0x0000000723200000,0x00000007232f02a8,0x0000000723780000)
 Metaspace       used 6917K, capacity 7860K, committed 8064K, reserved 1056768K
  class space    used 856K, capacity 880K, committed 896K, reserved 1048576K
Event: 3.403 GC heap after
Heap after GC invocations=5 (full 0):
 PSYoungGen      total 6656K, used 504K [0x000000078bb80000, 0x000000078ca80000, 0x00000007c0000000)
  eden space 6144K, 0% used [0x000000078bb80000,0x000000078bb80000,0x000000078c180000)
  from space 512K, 98% used [0x000000078c180000,0x000000078c1fe010,0x000000078c200000)
  to   space 1536K, 0% used [0x000000078c900000,0x000000078c900000,0x000000078ca80000)
 ParOldGen       total 5632K, used 1925K [0x0000000723200000, 0x0000000723780000, 0x000000078bb80000)
  object space 5632K, 34% used [0x0000000723200000,0x00000007233e1460,0x0000000723780000)
 Metaspace       used 6917K, capacity 7860K, committed 8064K, reserved 1056768K
  class space    used 856K, capacity 880K, committed 896K, reserved 1048576K
}
Event: 5.350 GC heap before
{Heap before GC invocations=6 (full 0):
 PSYoungGen      total 6656K, used 6646K [0x000000078bb80000, 0x000000078ca80000, 0x00000007c0000000)
  eden space 6144K, 99% used [0x000000078bb80000,0x000000078c17fa08,0x000000078c180000)
  from space 512K, 98% used [0x000000078c180000,0x000000078c1fe010,0x000000078c200000)
  to   space 1536K, 0% used [0x000000078c900000,0x000000078c900000,0x000000078ca80000)
 ParOldGen       total 5632K, used 1925K [0x0000000723200000, 0x0000000723780000, 0x000000078bb80000)
  object space 5632K, 34% used [0x0000000723200000,0x00000007233e1460,0x0000000723780000)
 Metaspace       used 6929K, capacity 7860K, committed 8064K, reserved 1056768K
  class space    used 856K, capacity 880K, committed 896K, reserved 1048576K
Event: 5.352 GC heap after
Heap after GC invocations=6 (full 0):
 PSYoungGen      total 13312K, used 1347K [0x000000078bb80000, 0x000000078cb80000, 0x00000007c0000000)
  eden space 11776K, 0% used [0x000000078bb80000,0x000000078bb80000,0x000000078c700000)
  from space 1536K, 87% used [0x000000078c900000,0x000000078ca50c60,0x000000078ca80000)
  to   space 2048K, 0% used [0x000000078c700000,0x000000078c700000,0x000000078c900000)
 ParOldGen       total 5632K, used 1925K [0x0000000723200000, 0x0000000723780000, 0x000000078bb80000)
  object space 5632K, 34% used [0x0000000723200000,0x00000007233e1460,0x0000000723780000)
 Metaspace       used 6929K, capacity 7860K, committed 8064K, reserved 1056768K
  class space    used 856K, capacity 880K, committed 896K, reserved 1048576K
}
Event: 6.401 GC heap before
{Heap before GC invocations=7 (full 0):
 PSYoungGen      total 13312K, used 13123K [0x000000078bb80000, 0x000000078cb80000, 0x00000007c0000000)
  eden space 11776K, 100% used [0x000000078bb80000,0x000000078c700000,0x000000078c700000)
  from space 1536K, 87% used [0x000000078c900000,0x000000078ca50c60,0x000000078ca80000)
  to   space 2048K, 0% used [0x000000078c700000,0x000000078c700000,0x000000078c900000)
 ParOldGen       total 5632K, used 1925K [0x0000000723200000, 0x0000000723780000, 0x000000078bb80000)
  object space 5632K, 34% used [0x0000000723200000,0x00000007233e1460,0x0000000723780000)
 Metaspace       used 6937K, capacity 7860K, committed 8064K, reserved 1056768K
  class space    used 856K, capacity 880K, committed 896K, reserved 1048576K
Event: 6.402 GC heap after
Heap after GC invocations=7 (full 0):
 PSYoungGen      total 13824K, used 748K [0x000000078bb80000, 0x000000078cb80000, 0x00000007c0000000)
  eden space 11776K, 0% used [0x000000078bb80000,0x000000078bb80000,0x000000078c700000)
  from space 2048K, 36% used [0x000000078c700000,0x000000078c7bb098,0x000000078c900000)
  to   space 1536K, 0% used [0x000000078c900000,0x000000078c900000,0x000000078ca80000)
 ParOldGen       total 5632K, used 2181K [0x0000000723200000, 0x0000000723780000, 0x000000078bb80000)
  object space 5632K, 38% used [0x0000000723200000,0x0000000723421490,0x0000000723780000)
 Metaspace       used 6937K, capacity 7860K, committed 8064K, reserved 1056768K
  class space    used 856K, capacity 880K, committed 896K, reserved 1048576K
}

